<?xml version="1.0" encoding="UTF-8"?>
<testng-results ignored="0" total="18" passed="14" failed="1" skipped="3">
  <reporter-output>
    <line>
      <![CDATA[]]>
    </line>
    <line>
      <![CDATA[Printed Chiffon Dress]]>
    </line>
    <line>
      <![CDATA[Faded Short Sleeve T-shirts]]>
    </line>
    <line>
      <![CDATA[Blouse]]>
    </line>
    <line>
      <![CDATA[Printed Summer Dress]]>
    </line>
    <line>
      <![CDATA[Printed Dress]]>
    </line>
    <line>
      <![CDATA[Printed Summer Dress]]>
    </line>
    <line>
      <![CDATA[Printed Dress]]>
    </line>
    <line>
      <![CDATA[Printed Summer Dress]]>
    </line>
    <line>
      <![CDATA[Printed Summer Dress]]>
    </line>
    <line>
      <![CDATA[Printed Dress]]>
    </line>
    <line>
      <![CDATA[Printed Chiffon Dress]]>
    </line>
    <line>
      <![CDATA[Printed Summer Dress]]>
    </line>
    <line>
      <![CDATA[Printed Dress]]>
    </line>
    <line>
      <![CDATA[]]>
    </line>
    <line>
      <![CDATA[Printed Chiffon Dress]]>
    </line>
    <line>
      <![CDATA[Faded Short Sleeve T-shirts]]>
    </line>
    <line>
      <![CDATA[Blouse]]>
    </line>
    <line>
      <![CDATA[Printed Summer Dress]]>
    </line>
    <line>
      <![CDATA[Printed Dress]]>
    </line>
    <line>
      <![CDATA[Printed Summer Dress]]>
    </line>
    <line>
      <![CDATA[Printed Dress]]>
    </line>
    <line>
      <![CDATA[Printed Summer Dress]]>
    </line>
    <line>
      <![CDATA[Printed Summer Dress]]>
    </line>
    <line>
      <![CDATA[Printed Summer Dress]]>
    </line>
    <line>
      <![CDATA[Printed Chiffon Dress]]>
    </line>
    <line>
      <![CDATA[Faded Short Sleeve T-shirts]]>
    </line>
    <line>
      <![CDATA[]]>
    </line>
    <line>
      <![CDATA[Printed Chiffon Dress]]>
    </line>
    <line>
      <![CDATA[Faded Short Sleeve T-shirts]]>
    </line>
    <line>
      <![CDATA[Blouse]]>
    </line>
    <line>
      <![CDATA[Printed Summer Dress]]>
    </line>
    <line>
      <![CDATA[Printed Dress]]>
    </line>
    <line>
      <![CDATA[Printed Summer Dress]]>
    </line>
    <line>
      <![CDATA[Printed Dress]]>
    </line>
    <line>
      <![CDATA[Printed Chiffon Dress]]>
    </line>
    <line>
      <![CDATA[Printed Summer Dress]]>
    </line>
    <line>
      <![CDATA[Printed Dress]]>
    </line>
    <line>
      <![CDATA[Faded Short Sleeve T-shirts]]>
    </line>
    <line>
      <![CDATA[Blouse]]>
    </line>
  </reporter-output>
  <suite started-at="2021-09-20T23:27:49 IST" name="Suite" finished-at="2021-09-20T23:29:47 IST" duration-ms="117394">
    <groups>
    </groups>
    <test started-at="2021-09-20T23:27:49 IST" name="Test" finished-at="2021-09-20T23:29:47 IST" duration-ms="117394">
      <class name="com.qa.testscript.TC_007_Update_Password">
        <test-method is-config="true" signature="setup(org.testng.ITestContext)[pri:0, instance:com.qa.testscript.TC_007_Update_Password@79207381]" started-at="2021-09-20T23:29:03 IST" name="setup" finished-at="2021-09-20T23:29:24 IST" duration-ms="21044" status="PASS">
          <params>
            <param index="0">
              <value>
                <![CDATA[org.testng.TestRunner@11d2faa8]]>
              </value>
            </param>
          </params>
          <reporter-output>
          </reporter-output>
        </test-method> <!-- setup -->
        <test-method signature="update_password()[pri:0, instance:com.qa.testscript.TC_007_Update_Password@79207381]" started-at="2021-09-20T23:29:24 IST" name="update_password" finished-at="2021-09-20T23:29:27 IST" duration-ms="3247" status="PASS">
          <reporter-output>
          </reporter-output>
        </test-method> <!-- update_password -->
        <test-method is-config="true" signature="teardown()[pri:0, instance:com.qa.testscript.TC_007_Update_Password@79207381]" started-at="2021-09-20T23:29:27 IST" name="teardown" finished-at="2021-09-20T23:29:35 IST" duration-ms="7930" status="PASS">
          <reporter-output>
          </reporter-output>
        </test-method> <!-- teardown -->
      </class> <!-- com.qa.testscript.TC_007_Update_Password -->
      <class name="com.qa.testscript.TC_001_Search_item">
        <test-method is-config="true" signature="setup(org.testng.ITestContext)[pri:0, instance:com.qa.testscript.TC_001_Search_item@25df00a0]" started-at="2021-09-20T23:27:49 IST" name="setup" finished-at="2021-09-20T23:28:39 IST" duration-ms="49390" status="PASS">
          <params>
            <param index="0">
              <value>
                <![CDATA[org.testng.TestRunner@11d2faa8]]>
              </value>
            </param>
          </params>
          <reporter-output>
          </reporter-output>
        </test-method> <!-- setup -->
        <test-method signature="searchTest(java.lang.String)[pri:0, instance:com.qa.testscript.TC_001_Search_item@25df00a0]" started-at="2021-09-20T23:28:40 IST" name="searchTest" data-provider="getData" finished-at="2021-09-20T23:28:47 IST" duration-ms="7399" status="PASS">
          <params>
            <param index="0">
              <value>
                <![CDATA[Printed dress]]>
              </value>
            </param>
          </params>
          <reporter-output>
            <line>
              <![CDATA[]]>
            </line>
            <line>
              <![CDATA[Printed Chiffon Dress]]>
            </line>
            <line>
              <![CDATA[Faded Short Sleeve T-shirts]]>
            </line>
            <line>
              <![CDATA[Blouse]]>
            </line>
            <line>
              <![CDATA[Printed Summer Dress]]>
            </line>
            <line>
              <![CDATA[Printed Dress]]>
            </line>
            <line>
              <![CDATA[Printed Summer Dress]]>
            </line>
            <line>
              <![CDATA[Printed Dress]]>
            </line>
            <line>
              <![CDATA[Printed Summer Dress]]>
            </line>
            <line>
              <![CDATA[Printed Summer Dress]]>
            </line>
            <line>
              <![CDATA[Printed Dress]]>
            </line>
            <line>
              <![CDATA[Printed Chiffon Dress]]>
            </line>
            <line>
              <![CDATA[Printed Summer Dress]]>
            </line>
            <line>
              <![CDATA[Printed Dress]]>
            </line>
          </reporter-output>
        </test-method> <!-- searchTest -->
        <test-method signature="searchTest(java.lang.String)[pri:0, instance:com.qa.testscript.TC_001_Search_item@25df00a0]" started-at="2021-09-20T23:28:47 IST" name="searchTest" data-provider="getData" finished-at="2021-09-20T23:28:52 IST" duration-ms="4750" status="PASS">
          <params>
            <param index="0">
              <value>
                <![CDATA[Summer dresses]]>
              </value>
            </param>
          </params>
          <reporter-output>
            <line>
              <![CDATA[]]>
            </line>
            <line>
              <![CDATA[Printed Chiffon Dress]]>
            </line>
            <line>
              <![CDATA[Faded Short Sleeve T-shirts]]>
            </line>
            <line>
              <![CDATA[Blouse]]>
            </line>
            <line>
              <![CDATA[Printed Summer Dress]]>
            </line>
            <line>
              <![CDATA[Printed Dress]]>
            </line>
            <line>
              <![CDATA[Printed Summer Dress]]>
            </line>
            <line>
              <![CDATA[Printed Dress]]>
            </line>
            <line>
              <![CDATA[Printed Summer Dress]]>
            </line>
            <line>
              <![CDATA[Printed Summer Dress]]>
            </line>
            <line>
              <![CDATA[Printed Summer Dress]]>
            </line>
            <line>
              <![CDATA[Printed Chiffon Dress]]>
            </line>
            <line>
              <![CDATA[Faded Short Sleeve T-shirts]]>
            </line>
          </reporter-output>
        </test-method> <!-- searchTest -->
        <test-method signature="searchTest(java.lang.String)[pri:0, instance:com.qa.testscript.TC_001_Search_item@25df00a0]" started-at="2021-09-20T23:28:52 IST" name="searchTest" data-provider="getData" finished-at="2021-09-20T23:28:57 IST" duration-ms="4814" status="PASS">
          <params>
            <param index="0">
              <value>
                <![CDATA[casual dresses]]>
              </value>
            </param>
          </params>
          <reporter-output>
            <line>
              <![CDATA[]]>
            </line>
            <line>
              <![CDATA[Printed Chiffon Dress]]>
            </line>
            <line>
              <![CDATA[Faded Short Sleeve T-shirts]]>
            </line>
            <line>
              <![CDATA[Blouse]]>
            </line>
            <line>
              <![CDATA[Printed Summer Dress]]>
            </line>
            <line>
              <![CDATA[Printed Dress]]>
            </line>
            <line>
              <![CDATA[Printed Summer Dress]]>
            </line>
            <line>
              <![CDATA[Printed Dress]]>
            </line>
            <line>
              <![CDATA[Printed Chiffon Dress]]>
            </line>
            <line>
              <![CDATA[Printed Summer Dress]]>
            </line>
            <line>
              <![CDATA[Printed Dress]]>
            </line>
            <line>
              <![CDATA[Faded Short Sleeve T-shirts]]>
            </line>
            <line>
              <![CDATA[Blouse]]>
            </line>
          </reporter-output>
        </test-method> <!-- searchTest -->
        <test-method is-config="true" signature="teardown()[pri:0, instance:com.qa.testscript.TC_001_Search_item@25df00a0]" started-at="2021-09-20T23:28:57 IST" name="teardown" finished-at="2021-09-20T23:29:06 IST" duration-ms="8666" status="PASS">
          <reporter-output>
          </reporter-output>
        </test-method> <!-- teardown -->
      </class> <!-- com.qa.testscript.TC_001_Search_item -->
      <class name="com.qa.testscript.TC_002_OrderProduct">
        <test-method is-config="true" signature="setup(org.testng.ITestContext)[pri:0, instance:com.qa.testscript.TC_002_OrderProduct@4d15107f]" started-at="2021-09-20T23:27:49 IST" name="setup" finished-at="2021-09-20T23:28:35 IST" duration-ms="46123" status="FAIL">
          <params>
            <param index="0">
              <value>
                <![CDATA[org.testng.TestRunner@11d2faa8]]>
              </value>
            </param>
          </params>
          <exception class="org.openqa.selenium.NoSuchElementException">
            <message>
              <![CDATA[no such element: Unable to locate element: {"method":"css selector","selector":"#email"}
  (Session info: chrome=93.0.4577.82)
For documentation on this error, please visit: https://www.seleniumhq.org/exceptions/no_such_element.html
Build info: version: '3.141.59', revision: 'e82be7d358', time: '2018-11-14T08:17:03'
System info: host: 'LAPTOP-L5FSH07B', ip: '192.168.43.108', os.name: 'Windows 10', os.arch: 'amd64', os.version: '10.0', java.version: '16.0.1'
Driver info: org.openqa.selenium.chrome.ChromeDriver
Capabilities {acceptInsecureCerts: false, browserName: chrome, browserVersion: 93.0.4577.82, chrome: {chromedriverVersion: 93.0.4577.63 (ff5c0da2ec0ad..., userDataDir: C:\Users\HP\AppData\Local\T...}, goog:chromeOptions: {debuggerAddress: localhost:52260}, javascriptEnabled: true, networkConnectionEnabled: false, pageLoadStrategy: normal, platform: WINDOWS, platformName: WINDOWS, proxy: Proxy(), setWindowRect: true, strictFileInteractability: false, timeouts: {implicit: 0, pageLoad: 300000, script: 30000}, unhandledPromptBehavior: dismiss and notify, webauthn:extension:credBlob: true, webauthn:extension:largeBlob: true, webauthn:virtualAuthenticators: true}
Session ID: a7e711cd0fb22dc36057a0640638edf2
*** Element info: {Using=id, value=email}]]>
            </message>
            <full-stacktrace>
              <![CDATA[org.openqa.selenium.NoSuchElementException: no such element: Unable to locate element: {"method":"css selector","selector":"#email"}
  (Session info: chrome=93.0.4577.82)
For documentation on this error, please visit: https://www.seleniumhq.org/exceptions/no_such_element.html
Build info: version: '3.141.59', revision: 'e82be7d358', time: '2018-11-14T08:17:03'
System info: host: 'LAPTOP-L5FSH07B', ip: '192.168.43.108', os.name: 'Windows 10', os.arch: 'amd64', os.version: '10.0', java.version: '16.0.1'
Driver info: org.openqa.selenium.chrome.ChromeDriver
Capabilities {acceptInsecureCerts: false, browserName: chrome, browserVersion: 93.0.4577.82, chrome: {chromedriverVersion: 93.0.4577.63 (ff5c0da2ec0ad..., userDataDir: C:\Users\HP\AppData\Local\T...}, goog:chromeOptions: {debuggerAddress: localhost:52260}, javascriptEnabled: true, networkConnectionEnabled: false, pageLoadStrategy: normal, platform: WINDOWS, platformName: WINDOWS, proxy: Proxy(), setWindowRect: true, strictFileInteractability: false, timeouts: {implicit: 0, pageLoad: 300000, script: 30000}, unhandledPromptBehavior: dismiss and notify, webauthn:extension:credBlob: true, webauthn:extension:largeBlob: true, webauthn:virtualAuthenticators: true}
Session ID: a7e711cd0fb22dc36057a0640638edf2
*** Element info: {Using=id, value=email}
at java.base/jdk.internal.reflect.NativeConstructorAccessorImpl.newInstance0(Native Method)
at java.base/jdk.internal.reflect.NativeConstructorAccessorImpl.newInstance(NativeConstructorAccessorImpl.java:78)
at java.base/jdk.internal.reflect.DelegatingConstructorAccessorImpl.newInstance(DelegatingConstructorAccessorImpl.java:45)
at java.base/java.lang.reflect.Constructor.newInstanceWithCaller(Constructor.java:499)
at java.base/java.lang.reflect.Constructor.newInstance(Constructor.java:480)
at org.openqa.selenium.remote.http.W3CHttpResponseCodec.createException(W3CHttpResponseCodec.java:187)
at org.openqa.selenium.remote.http.W3CHttpResponseCodec.decode(W3CHttpResponseCodec.java:122)
at org.openqa.selenium.remote.http.W3CHttpResponseCodec.decode(W3CHttpResponseCodec.java:49)
at org.openqa.selenium.remote.HttpCommandExecutor.execute(HttpCommandExecutor.java:158)
at org.openqa.selenium.remote.service.DriverCommandExecutor.execute(DriverCommandExecutor.java:83)
at org.openqa.selenium.remote.RemoteWebDriver.execute(RemoteWebDriver.java:552)
at org.openqa.selenium.remote.RemoteWebDriver.findElement(RemoteWebDriver.java:323)
at org.openqa.selenium.remote.RemoteWebDriver.findElementById(RemoteWebDriver.java:372)
at org.openqa.selenium.By$ById.findElement(By.java:188)
at org.openqa.selenium.remote.RemoteWebDriver.findElement(RemoteWebDriver.java:315)
at org.openqa.selenium.support.pagefactory.DefaultElementLocator.findElement(DefaultElementLocator.java:69)
at org.openqa.selenium.support.pagefactory.internal.LocatingElementHandler.invoke(LocatingElementHandler.java:38)
at jdk.proxy2/jdk.proxy2.$Proxy13.sendKeys(Unknown Source)
at com.qa.testscript.TestBase.setup(TestBase.java:52)
at java.base/jdk.internal.reflect.NativeMethodAccessorImpl.invoke0(Native Method)
at java.base/jdk.internal.reflect.NativeMethodAccessorImpl.invoke(NativeMethodAccessorImpl.java:78)
at java.base/jdk.internal.reflect.DelegatingMethodAccessorImpl.invoke(DelegatingMethodAccessorImpl.java:43)
at java.base/java.lang.reflect.Method.invoke(Method.java:567)
at org.testng.internal.MethodInvocationHelper.invokeMethod(MethodInvocationHelper.java:134)
at org.testng.internal.MethodInvocationHelper.invokeMethodConsideringTimeout(MethodInvocationHelper.java:63)
at org.testng.internal.ConfigInvoker.invokeConfigurationMethod(ConfigInvoker.java:348)
at org.testng.internal.ConfigInvoker.invokeConfigurations(ConfigInvoker.java:302)
at org.testng.internal.TestMethodWorker.invokeBeforeClassMethods(TestMethodWorker.java:176)
at org.testng.internal.TestMethodWorker.run(TestMethodWorker.java:122)
at java.base/java.util.concurrent.ThreadPoolExecutor.runWorker(ThreadPoolExecutor.java:1130)
at java.base/java.util.concurrent.ThreadPoolExecutor$Worker.run(ThreadPoolExecutor.java:630)
at java.base/java.lang.Thread.run(Thread.java:831)
]]>
            </full-stacktrace>
          </exception> <!-- org.openqa.selenium.NoSuchElementException -->
          <reporter-output>
          </reporter-output>
        </test-method> <!-- setup -->
        <test-method signature="buyProduct()[pri:0, instance:com.qa.testscript.TC_002_OrderProduct@4d15107f]" started-at="2021-09-20T23:28:35 IST" name="buyProduct" finished-at="2021-09-20T23:28:35 IST" duration-ms="0" status="SKIP">
          <exception class="org.openqa.selenium.NoSuchElementException">
            <message>
              <![CDATA[no such element: Unable to locate element: {"method":"css selector","selector":"#email"}
  (Session info: chrome=93.0.4577.82)
For documentation on this error, please visit: https://www.seleniumhq.org/exceptions/no_such_element.html
Build info: version: '3.141.59', revision: 'e82be7d358', time: '2018-11-14T08:17:03'
System info: host: 'LAPTOP-L5FSH07B', ip: '192.168.43.108', os.name: 'Windows 10', os.arch: 'amd64', os.version: '10.0', java.version: '16.0.1'
Driver info: org.openqa.selenium.chrome.ChromeDriver
Capabilities {acceptInsecureCerts: false, browserName: chrome, browserVersion: 93.0.4577.82, chrome: {chromedriverVersion: 93.0.4577.63 (ff5c0da2ec0ad..., userDataDir: C:\Users\HP\AppData\Local\T...}, goog:chromeOptions: {debuggerAddress: localhost:52260}, javascriptEnabled: true, networkConnectionEnabled: false, pageLoadStrategy: normal, platform: WINDOWS, platformName: WINDOWS, proxy: Proxy(), setWindowRect: true, strictFileInteractability: false, timeouts: {implicit: 0, pageLoad: 300000, script: 30000}, unhandledPromptBehavior: dismiss and notify, webauthn:extension:credBlob: true, webauthn:extension:largeBlob: true, webauthn:virtualAuthenticators: true}
Session ID: a7e711cd0fb22dc36057a0640638edf2
*** Element info: {Using=id, value=email}]]>
            </message>
            <full-stacktrace>
              <![CDATA[org.openqa.selenium.NoSuchElementException: no such element: Unable to locate element: {"method":"css selector","selector":"#email"}
  (Session info: chrome=93.0.4577.82)
For documentation on this error, please visit: https://www.seleniumhq.org/exceptions/no_such_element.html
Build info: version: '3.141.59', revision: 'e82be7d358', time: '2018-11-14T08:17:03'
System info: host: 'LAPTOP-L5FSH07B', ip: '192.168.43.108', os.name: 'Windows 10', os.arch: 'amd64', os.version: '10.0', java.version: '16.0.1'
Driver info: org.openqa.selenium.chrome.ChromeDriver
Capabilities {acceptInsecureCerts: false, browserName: chrome, browserVersion: 93.0.4577.82, chrome: {chromedriverVersion: 93.0.4577.63 (ff5c0da2ec0ad..., userDataDir: C:\Users\HP\AppData\Local\T...}, goog:chromeOptions: {debuggerAddress: localhost:52260}, javascriptEnabled: true, networkConnectionEnabled: false, pageLoadStrategy: normal, platform: WINDOWS, platformName: WINDOWS, proxy: Proxy(), setWindowRect: true, strictFileInteractability: false, timeouts: {implicit: 0, pageLoad: 300000, script: 30000}, unhandledPromptBehavior: dismiss and notify, webauthn:extension:credBlob: true, webauthn:extension:largeBlob: true, webauthn:virtualAuthenticators: true}
Session ID: a7e711cd0fb22dc36057a0640638edf2
*** Element info: {Using=id, value=email}
at java.base/jdk.internal.reflect.NativeConstructorAccessorImpl.newInstance0(Native Method)
at java.base/jdk.internal.reflect.NativeConstructorAccessorImpl.newInstance(NativeConstructorAccessorImpl.java:78)
at java.base/jdk.internal.reflect.DelegatingConstructorAccessorImpl.newInstance(DelegatingConstructorAccessorImpl.java:45)
at java.base/java.lang.reflect.Constructor.newInstanceWithCaller(Constructor.java:499)
at java.base/java.lang.reflect.Constructor.newInstance(Constructor.java:480)
at org.openqa.selenium.remote.http.W3CHttpResponseCodec.createException(W3CHttpResponseCodec.java:187)
at org.openqa.selenium.remote.http.W3CHttpResponseCodec.decode(W3CHttpResponseCodec.java:122)
at org.openqa.selenium.remote.http.W3CHttpResponseCodec.decode(W3CHttpResponseCodec.java:49)
at org.openqa.selenium.remote.HttpCommandExecutor.execute(HttpCommandExecutor.java:158)
at org.openqa.selenium.remote.service.DriverCommandExecutor.execute(DriverCommandExecutor.java:83)
at org.openqa.selenium.remote.RemoteWebDriver.execute(RemoteWebDriver.java:552)
at org.openqa.selenium.remote.RemoteWebDriver.findElement(RemoteWebDriver.java:323)
at org.openqa.selenium.remote.RemoteWebDriver.findElementById(RemoteWebDriver.java:372)
at org.openqa.selenium.By$ById.findElement(By.java:188)
at org.openqa.selenium.remote.RemoteWebDriver.findElement(RemoteWebDriver.java:315)
at org.openqa.selenium.support.pagefactory.DefaultElementLocator.findElement(DefaultElementLocator.java:69)
at org.openqa.selenium.support.pagefactory.internal.LocatingElementHandler.invoke(LocatingElementHandler.java:38)
at jdk.proxy2/jdk.proxy2.$Proxy13.sendKeys(Unknown Source)
at com.qa.testscript.TestBase.setup(TestBase.java:52)
at java.base/jdk.internal.reflect.NativeMethodAccessorImpl.invoke0(Native Method)
at java.base/jdk.internal.reflect.NativeMethodAccessorImpl.invoke(NativeMethodAccessorImpl.java:78)
at java.base/jdk.internal.reflect.DelegatingMethodAccessorImpl.invoke(DelegatingMethodAccessorImpl.java:43)
at java.base/java.lang.reflect.Method.invoke(Method.java:567)
at org.testng.internal.MethodInvocationHelper.invokeMethod(MethodInvocationHelper.java:134)
at org.testng.internal.MethodInvocationHelper.invokeMethodConsideringTimeout(MethodInvocationHelper.java:63)
at org.testng.internal.ConfigInvoker.invokeConfigurationMethod(ConfigInvoker.java:348)
at org.testng.internal.ConfigInvoker.invokeConfigurations(ConfigInvoker.java:302)
at org.testng.internal.TestMethodWorker.invokeBeforeClassMethods(TestMethodWorker.java:176)
at org.testng.internal.TestMethodWorker.run(TestMethodWorker.java:122)
at java.base/java.util.concurrent.ThreadPoolExecutor.runWorker(ThreadPoolExecutor.java:1130)
at java.base/java.util.concurrent.ThreadPoolExecutor$Worker.run(ThreadPoolExecutor.java:630)
at java.base/java.lang.Thread.run(Thread.java:831)
]]>
            </full-stacktrace>
          </exception> <!-- org.openqa.selenium.NoSuchElementException -->
          <reporter-output>
          </reporter-output>
        </test-method> <!-- buyProduct -->
        <test-method is-config="true" signature="teardown()[pri:0, instance:com.qa.testscript.TC_002_OrderProduct@4d15107f]" started-at="2021-09-20T23:28:35 IST" name="teardown" finished-at="1970-01-01T05:30:00 IST" duration-ms="-1632160715884" status="SKIP">
          <reporter-output>
          </reporter-output>
        </test-method> <!-- teardown -->
      </class> <!-- com.qa.testscript.TC_002_OrderProduct -->
      <class name="com.qa.testscript.TC_006_Update_Address">
        <test-method is-config="true" signature="setup(org.testng.ITestContext)[pri:0, instance:com.qa.testscript.TC_006_Update_Address@60f00693]" started-at="2021-09-20T23:28:35 IST" name="setup" finished-at="2021-09-20T23:29:02 IST" duration-ms="26242" status="PASS">
          <params>
            <param index="0">
              <value>
                <![CDATA[org.testng.TestRunner@11d2faa8]]>
              </value>
            </param>
          </params>
          <reporter-output>
          </reporter-output>
        </test-method> <!-- setup -->
        <test-method signature="add_new_address()[pri:0, instance:com.qa.testscript.TC_006_Update_Address@60f00693]" started-at="2021-09-20T23:29:02 IST" name="add_new_address" finished-at="2021-09-20T23:29:14 IST" duration-ms="12261" status="PASS">
          <reporter-output>
          </reporter-output>
        </test-method> <!-- add_new_address -->
        <test-method signature="update_Address()[pri:0, instance:com.qa.testscript.TC_006_Update_Address@60f00693]" started-at="2021-09-20T23:29:14 IST" name="update_Address" finished-at="2021-09-20T23:29:30 IST" depends-on-methods="com.qa.testscript.TC_006_Update_Address.add_new_address" duration-ms="16159" status="PASS">
          <reporter-output>
          </reporter-output>
        </test-method> <!-- update_Address -->
        <test-method signature="delete_address()[pri:0, instance:com.qa.testscript.TC_006_Update_Address@60f00693]" started-at="2021-09-20T23:29:30 IST" name="delete_address" finished-at="2021-09-20T23:29:34 IST" depends-on-methods="com.qa.testscript.TC_006_Update_Address.update_Address" duration-ms="4102" status="PASS">
          <reporter-output>
          </reporter-output>
        </test-method> <!-- delete_address -->
        <test-method is-config="true" signature="teardown()[pri:0, instance:com.qa.testscript.TC_006_Update_Address@60f00693]" started-at="2021-09-20T23:29:34 IST" name="teardown" finished-at="2021-09-20T23:29:45 IST" duration-ms="10580" status="PASS">
          <reporter-output>
          </reporter-output>
        </test-method> <!-- teardown -->
      </class> <!-- com.qa.testscript.TC_006_Update_Address -->
      <class name="com.qa.testscript.TC_003_Wishlist">
        <test-method is-config="true" signature="setup(org.testng.ITestContext)[pri:0, instance:com.qa.testscript.TC_003_Wishlist@7b4c50bc]" started-at="2021-09-20T23:27:49 IST" name="setup" finished-at="2021-09-20T23:28:44 IST" duration-ms="54833" status="PASS">
          <params>
            <param index="0">
              <value>
                <![CDATA[org.testng.TestRunner@11d2faa8]]>
              </value>
            </param>
          </params>
          <reporter-output>
          </reporter-output>
        </test-method> <!-- setup -->
        <test-method signature="Wishlist()[pri:0, instance:com.qa.testscript.TC_003_Wishlist@7b4c50bc]" started-at="2021-09-20T23:28:44 IST" name="Wishlist" finished-at="2021-09-20T23:28:56 IST" duration-ms="11510" status="PASS">
          <reporter-output>
          </reporter-output>
        </test-method> <!-- Wishlist -->
        <test-method is-config="true" signature="teardown()[pri:0, instance:com.qa.testscript.TC_003_Wishlist@7b4c50bc]" started-at="2021-09-20T23:28:56 IST" name="teardown" finished-at="2021-09-20T23:29:06 IST" duration-ms="10898" status="PASS">
          <reporter-output>
          </reporter-output>
        </test-method> <!-- teardown -->
      </class> <!-- com.qa.testscript.TC_003_Wishlist -->
      <class name="com.qa.testscript.TC_005_Product_remove_cart">
        <test-method is-config="true" signature="setup(org.testng.ITestContext)[pri:0, instance:com.qa.testscript.TC_005_Product_remove_cart@50378a4]" started-at="2021-09-20T23:27:49 IST" name="setup" finished-at="2021-09-20T23:28:43 IST" duration-ms="53586" status="PASS">
          <params>
            <param index="0">
              <value>
                <![CDATA[org.testng.TestRunner@11d2faa8]]>
              </value>
            </param>
          </params>
          <reporter-output>
          </reporter-output>
        </test-method> <!-- setup -->
        <test-method signature="delete_item_cart()[pri:0, instance:com.qa.testscript.TC_005_Product_remove_cart@50378a4]" started-at="2021-09-20T23:28:43 IST" name="delete_item_cart" finished-at="2021-09-20T23:29:06 IST" duration-ms="22742" status="PASS">
          <reporter-output>
          </reporter-output>
        </test-method> <!-- delete_item_cart -->
        <test-method is-config="true" signature="teardown()[pri:0, instance:com.qa.testscript.TC_005_Product_remove_cart@50378a4]" started-at="2021-09-20T23:29:06 IST" name="teardown" finished-at="2021-09-20T23:29:13 IST" duration-ms="7636" status="PASS">
          <reporter-output>
          </reporter-output>
        </test-method> <!-- teardown -->
      </class> <!-- com.qa.testscript.TC_005_Product_remove_cart -->
      <class name="com.qa.testscript.TC_004_AddToCart">
        <test-method is-config="true" signature="setup(org.testng.ITestContext)[pri:0, instance:com.qa.testscript.TC_004_AddToCart@5884a914]" started-at="2021-09-20T23:27:49 IST" name="setup" finished-at="2021-09-20T23:28:44 IST" duration-ms="54422" status="PASS">
          <params>
            <param index="0">
              <value>
                <![CDATA[org.testng.TestRunner@11d2faa8]]>
              </value>
            </param>
          </params>
          <reporter-output>
          </reporter-output>
        </test-method> <!-- setup -->
        <test-method signature="verifyAddToCart()[pri:0, instance:com.qa.testscript.TC_004_AddToCart@5884a914]" started-at="2021-09-20T23:28:44 IST" name="verifyAddToCart" finished-at="2021-09-20T23:29:03 IST" duration-ms="19451" status="PASS">
          <reporter-output>
          </reporter-output>
        </test-method> <!-- verifyAddToCart -->
        <test-method signature="selectQuantity()[pri:0, instance:com.qa.testscript.TC_004_AddToCart@5884a914]" started-at="2021-09-20T23:29:06 IST" name="selectQuantity" finished-at="2021-09-20T23:29:10 IST" depends-on-methods="com.qa.testscript.TC_004_AddToCart.verifyAddToCart" duration-ms="3430" status="PASS">
          <reporter-output>
          </reporter-output>
        </test-method> <!-- selectQuantity -->
        <test-method signature="verifyQuantity()[pri:0, instance:com.qa.testscript.TC_004_AddToCart@5884a914]" started-at="2021-09-20T23:29:10 IST" name="verifyQuantity" finished-at="2021-09-20T23:29:14 IST" depends-on-methods="com.qa.testscript.TC_004_AddToCart.selectQuantity" duration-ms="4374" status="PASS">
          <reporter-output>
          </reporter-output>
        </test-method> <!-- verifyQuantity -->
        <test-method signature="selectSize_color()[pri:0, instance:com.qa.testscript.TC_004_AddToCart@5884a914]" started-at="2021-09-20T23:29:14 IST" name="selectSize_color" finished-at="2021-09-20T23:29:25 IST" depends-on-methods="com.qa.testscript.TC_004_AddToCart.verifyQuantity" duration-ms="11021" status="PASS">
          <reporter-output>
          </reporter-output>
        </test-method> <!-- selectSize_color -->
        <test-method signature="verify_Cart()[pri:0, instance:com.qa.testscript.TC_004_AddToCart@5884a914]" started-at="2021-09-20T23:29:25 IST" name="verify_Cart" finished-at="2021-09-20T23:29:41 IST" depends-on-methods="com.qa.testscript.TC_004_AddToCart.selectSize_color" duration-ms="16110" status="FAIL">
          <exception class="org.openqa.selenium.NoSuchElementException">
            <message>
              <![CDATA[no such element: Unable to locate element: {"method":"css selector","selector":"#cgv"}
  (Session info: chrome=93.0.4577.82)
For documentation on this error, please visit: https://www.seleniumhq.org/exceptions/no_such_element.html
Build info: version: '3.141.59', revision: 'e82be7d358', time: '2018-11-14T08:17:03'
System info: host: 'LAPTOP-L5FSH07B', ip: '192.168.43.108', os.name: 'Windows 10', os.arch: 'amd64', os.version: '10.0', java.version: '16.0.1'
Driver info: org.openqa.selenium.chrome.ChromeDriver
Capabilities {acceptInsecureCerts: false, browserName: chrome, browserVersion: 93.0.4577.82, chrome: {chromedriverVersion: 93.0.4577.63 (ff5c0da2ec0ad..., userDataDir: C:\Users\HP\AppData\Local\T...}, goog:chromeOptions: {debuggerAddress: localhost:56614}, javascriptEnabled: true, networkConnectionEnabled: false, pageLoadStrategy: normal, platform: WINDOWS, platformName: WINDOWS, proxy: Proxy(), setWindowRect: true, strictFileInteractability: false, timeouts: {implicit: 0, pageLoad: 300000, script: 30000}, unhandledPromptBehavior: dismiss and notify, webauthn:extension:credBlob: true, webauthn:extension:largeBlob: true, webauthn:virtualAuthenticators: true}
Session ID: 8677984f9dd86d74b736f1240d507274
*** Element info: {Using=id, value=cgv}]]>
            </message>
            <full-stacktrace>
              <![CDATA[org.openqa.selenium.NoSuchElementException: no such element: Unable to locate element: {"method":"css selector","selector":"#cgv"}
  (Session info: chrome=93.0.4577.82)
For documentation on this error, please visit: https://www.seleniumhq.org/exceptions/no_such_element.html
Build info: version: '3.141.59', revision: 'e82be7d358', time: '2018-11-14T08:17:03'
System info: host: 'LAPTOP-L5FSH07B', ip: '192.168.43.108', os.name: 'Windows 10', os.arch: 'amd64', os.version: '10.0', java.version: '16.0.1'
Driver info: org.openqa.selenium.chrome.ChromeDriver
Capabilities {acceptInsecureCerts: false, browserName: chrome, browserVersion: 93.0.4577.82, chrome: {chromedriverVersion: 93.0.4577.63 (ff5c0da2ec0ad..., userDataDir: C:\Users\HP\AppData\Local\T...}, goog:chromeOptions: {debuggerAddress: localhost:56614}, javascriptEnabled: true, networkConnectionEnabled: false, pageLoadStrategy: normal, platform: WINDOWS, platformName: WINDOWS, proxy: Proxy(), setWindowRect: true, strictFileInteractability: false, timeouts: {implicit: 0, pageLoad: 300000, script: 30000}, unhandledPromptBehavior: dismiss and notify, webauthn:extension:credBlob: true, webauthn:extension:largeBlob: true, webauthn:virtualAuthenticators: true}
Session ID: 8677984f9dd86d74b736f1240d507274
*** Element info: {Using=id, value=cgv}
at java.base/jdk.internal.reflect.NativeConstructorAccessorImpl.newInstance0(Native Method)
at java.base/jdk.internal.reflect.NativeConstructorAccessorImpl.newInstance(NativeConstructorAccessorImpl.java:78)
at java.base/jdk.internal.reflect.DelegatingConstructorAccessorImpl.newInstance(DelegatingConstructorAccessorImpl.java:45)
at java.base/java.lang.reflect.Constructor.newInstanceWithCaller(Constructor.java:499)
at java.base/java.lang.reflect.Constructor.newInstance(Constructor.java:480)
at org.openqa.selenium.remote.http.W3CHttpResponseCodec.createException(W3CHttpResponseCodec.java:187)
at org.openqa.selenium.remote.http.W3CHttpResponseCodec.decode(W3CHttpResponseCodec.java:122)
at org.openqa.selenium.remote.http.W3CHttpResponseCodec.decode(W3CHttpResponseCodec.java:49)
at org.openqa.selenium.remote.HttpCommandExecutor.execute(HttpCommandExecutor.java:158)
at org.openqa.selenium.remote.service.DriverCommandExecutor.execute(DriverCommandExecutor.java:83)
at org.openqa.selenium.remote.RemoteWebDriver.execute(RemoteWebDriver.java:552)
at org.openqa.selenium.remote.RemoteWebDriver.findElement(RemoteWebDriver.java:323)
at org.openqa.selenium.remote.RemoteWebDriver.findElementById(RemoteWebDriver.java:372)
at org.openqa.selenium.By$ById.findElement(By.java:188)
at org.openqa.selenium.remote.RemoteWebDriver.findElement(RemoteWebDriver.java:315)
at org.openqa.selenium.support.pagefactory.DefaultElementLocator.findElement(DefaultElementLocator.java:69)
at org.openqa.selenium.support.pagefactory.internal.LocatingElementHandler.invoke(LocatingElementHandler.java:38)
at jdk.proxy2/jdk.proxy2.$Proxy13.click(Unknown Source)
at com.qa.testscript.TC_004_AddToCart.verify_Cart(TC_004_AddToCart.java:143)
at java.base/jdk.internal.reflect.NativeMethodAccessorImpl.invoke0(Native Method)
at java.base/jdk.internal.reflect.NativeMethodAccessorImpl.invoke(NativeMethodAccessorImpl.java:78)
at java.base/jdk.internal.reflect.DelegatingMethodAccessorImpl.invoke(DelegatingMethodAccessorImpl.java:43)
at java.base/java.lang.reflect.Method.invoke(Method.java:567)
at org.testng.internal.MethodInvocationHelper.invokeMethod(MethodInvocationHelper.java:134)
at org.testng.internal.TestInvoker.invokeMethod(TestInvoker.java:597)
at org.testng.internal.TestInvoker.invokeTestMethod(TestInvoker.java:173)
at org.testng.internal.MethodRunner.runInSequence(MethodRunner.java:46)
at org.testng.internal.TestInvoker$MethodInvocationAgent.invoke(TestInvoker.java:816)
at org.testng.internal.TestInvoker.invokeTestMethods(TestInvoker.java:146)
at org.testng.internal.TestMethodWorker.invokeTestMethods(TestMethodWorker.java:146)
at org.testng.internal.TestMethodWorker.run(TestMethodWorker.java:128)
at java.base/java.util.concurrent.ThreadPoolExecutor.runWorker(ThreadPoolExecutor.java:1130)
at java.base/java.util.concurrent.ThreadPoolExecutor$Worker.run(ThreadPoolExecutor.java:630)
at java.base/java.lang.Thread.run(Thread.java:831)
]]>
            </full-stacktrace>
          </exception> <!-- org.openqa.selenium.NoSuchElementException -->
          <reporter-output>
          </reporter-output>
        </test-method> <!-- verify_Cart -->
        <test-method signature="payment()[pri:0, instance:com.qa.testscript.TC_004_AddToCart@5884a914]" started-at="2021-09-20T23:29:41 IST" name="payment" finished-at="2021-09-20T23:29:41 IST" depends-on-methods="com.qa.testscript.TC_004_AddToCart.verify_Cart" duration-ms="0" status="SKIP">
          <exception class="java.lang.Throwable">
            <message>
              <![CDATA[Method TC_004_AddToCart.payment()[pri:0, instance:com.qa.testscript.TC_004_AddToCart@5884a914] depends on not successfully finished methods]]>
            </message>
            <full-stacktrace>
              <![CDATA[java.lang.Throwable: Method TC_004_AddToCart.payment()[pri:0, instance:com.qa.testscript.TC_004_AddToCart@5884a914] depends on not successfully finished methods
at org.testng.internal.TestInvoker.invokeTestMethods(TestInvoker.java:101)
at org.testng.internal.TestMethodWorker.invokeTestMethods(TestMethodWorker.java:146)
at org.testng.internal.TestMethodWorker.run(TestMethodWorker.java:128)
at java.base/java.util.concurrent.ThreadPoolExecutor.runWorker(ThreadPoolExecutor.java:1130)
at java.base/java.util.concurrent.ThreadPoolExecutor$Worker.run(ThreadPoolExecutor.java:630)
at java.base/java.lang.Thread.run(Thread.java:831)
]]>
            </full-stacktrace>
          </exception> <!-- java.lang.Throwable -->
          <reporter-output>
          </reporter-output>
        </test-method> <!-- payment -->
        <test-method signature="navigate_to_home()[pri:0, instance:com.qa.testscript.TC_004_AddToCart@5884a914]" started-at="2021-09-20T23:29:41 IST" name="navigate_to_home" finished-at="2021-09-20T23:29:41 IST" depends-on-methods="com.qa.testscript.TC_004_AddToCart.payment" duration-ms="0" status="SKIP">
          <exception class="java.lang.Throwable">
            <message>
              <![CDATA[Method TC_004_AddToCart.navigate_to_home()[pri:0, instance:com.qa.testscript.TC_004_AddToCart@5884a914] depends on not successfully finished methods]]>
            </message>
            <full-stacktrace>
              <![CDATA[java.lang.Throwable: Method TC_004_AddToCart.navigate_to_home()[pri:0, instance:com.qa.testscript.TC_004_AddToCart@5884a914] depends on not successfully finished methods
at org.testng.internal.TestInvoker.invokeTestMethods(TestInvoker.java:101)
at org.testng.internal.TestMethodWorker.invokeTestMethods(TestMethodWorker.java:146)
at org.testng.internal.TestMethodWorker.run(TestMethodWorker.java:128)
at java.base/java.util.concurrent.ThreadPoolExecutor.runWorker(ThreadPoolExecutor.java:1130)
at java.base/java.util.concurrent.ThreadPoolExecutor$Worker.run(ThreadPoolExecutor.java:630)
at java.base/java.lang.Thread.run(Thread.java:831)
]]>
            </full-stacktrace>
          </exception> <!-- java.lang.Throwable -->
          <reporter-output>
          </reporter-output>
        </test-method> <!-- navigate_to_home -->
        <test-method is-config="true" signature="teardown()[pri:0, instance:com.qa.testscript.TC_004_AddToCart@5884a914]" started-at="2021-09-20T23:29:41 IST" name="teardown" finished-at="2021-09-20T23:29:47 IST" duration-ms="5157" status="PASS">
          <reporter-output>
          </reporter-output>
        </test-method> <!-- teardown -->
      </class> <!-- com.qa.testscript.TC_004_AddToCart -->
      <class name="com.qa.testscript.TC_008_ContactUs">
        <test-method is-config="true" signature="setup(org.testng.ITestContext)[pri:0, instance:com.qa.testscript.TC_008_ContactUs@491b9b8]" started-at="2021-09-20T23:29:06 IST" name="setup" finished-at="2021-09-20T23:29:27 IST" duration-ms="21103" status="PASS">
          <params>
            <param index="0">
              <value>
                <![CDATA[org.testng.TestRunner@11d2faa8]]>
              </value>
            </param>
          </params>
          <reporter-output>
          </reporter-output>
        </test-method> <!-- setup -->
        <test-method signature="supportTest()[pri:0, instance:com.qa.testscript.TC_008_ContactUs@491b9b8]" started-at="2021-09-20T23:29:27 IST" name="supportTest" finished-at="2021-09-20T23:29:34 IST" duration-ms="7422" status="PASS">
          <reporter-output>
          </reporter-output>
        </test-method> <!-- supportTest -->
        <test-method is-config="true" signature="teardown()[pri:0, instance:com.qa.testscript.TC_008_ContactUs@491b9b8]" started-at="2021-09-20T23:29:34 IST" name="teardown" finished-at="2021-09-20T23:29:40 IST" duration-ms="5723" status="PASS">
          <reporter-output>
          </reporter-output>
        </test-method> <!-- teardown -->
      </class> <!-- com.qa.testscript.TC_008_ContactUs -->
    </test> <!-- Test -->
  </suite> <!-- Suite -->
</testng-results>
